Build started 10/8/2011 9:50:11 AM.
     1>Project "C:\Users\Vernon\Desktop\glfw\trunk\support\msvc100\GLFWDLL.vcxproj" on node 2 (build target(s)).
     1>InitializeBuildStatus:
         Creating "Debug\GLFWDLL.unsuccessfulbuild" because "AlwaysCreate" was specified.
       ClCompile:
         All outputs are up-to-date.
         c:\Program Files\Microsoft Visual Studio 10.0\VC\bin\CL.exe /c /IC:\Users\Vernon\Desktop\glfw\trunk\support\msvc100\\..\..\lib /IC:\Users\Vernon\Desktop\glfw\trunk\support\msvc100\\..\..\lib\win32 /ZI /nologo /W3 /WX- /Od /Oy- /D _GLFW_NO_DLOAD_WINMM /D _GLFW_NO_DLOAD_GDI32 /D GLFW_BUILD_DLL /D WIN32 /D _DEBUG /D _WINDOWS /D _USRDLL /D GLFWDLL_EXPORTS /D _WINDLL /D _MBCS /Gm /EHsc /RTC1 /MDd /GS /Gy- /fp:precise /Zc:wchar_t /Zc:forScope /Fo"Debug\\" /Fd"Debug\vc100.pdb" /Gd /TC /analyze- /errorReport:prompt ..\..\lib\enable.c ..\..\lib\fullscreen.c ..\..\lib\glext.c ..\..\lib\image.c ..\..\lib\init.c ..\..\lib\input.c ..\..\lib\joystick.c ..\..\lib\stream.c ..\..\lib\tga.c ..\..\lib\thread.c ..\..\lib\time.c ..\..\lib\win32\win32_dllmain.c ..\..\lib\win32\win32_enable.c ..\..\lib\win32\win32_fullscreen.c ..\..\lib\win32\win32_glext.c ..\..\lib\win32\win32_init.c ..\..\lib\win32\win32_joystick.c ..\..\lib\win32\win32_thread.c ..\..\lib\win32\win32_time.c ..\..\lib\win32\win32_window.c ..\..\lib\window.c
         window.c
         win32_window.c
         win32_time.c
         win32_thread.c
         win32_joystick.c
         win32_init.c
         win32_glext.c
         win32_fullscreen.c
         win32_enable.c
         win32_dllmain.c
         time.c
         thread.c
         tga.c
         stream.c
         joystick.c
         input.c
         init.c
         image.c
         glext.c
         fullscreen.c
         Generating Code...
         Compiling...
         enable.c
         Generating Code...
       ManifestResourceCompile:
         All outputs are up-to-date.
       Link:
         c:\Program Files\Microsoft Visual Studio 10.0\VC\bin\link.exe /ERRORREPORT:PROMPT /OUT:"C:\Users\Vernon\Desktop\glfw\trunk\support\msvc100\Debug\GLFW.dll" /INCREMENTAL /NOLOGO winmm.lib opengl32.lib kernel32.lib user32.lib gdi32.lib winspool.lib comdlg32.lib advapi32.lib shell32.lib ole32.lib oleaut32.lib uuid.lib odbc32.lib odbccp32.lib kernel32.lib user32.lib gdi32.lib winspool.lib comdlg32.lib advapi32.lib shell32.lib ole32.lib oleaut32.lib uuid.lib odbc32.lib odbccp32.lib /DEF:"C:\Users\Vernon\Desktop\glfw\trunk\support\msvc100\\..\..\lib\win32\glfwdll.def" /MANIFEST /ManifestFile:"Debug\GLFW.dll.intermediate.manifest" /MANIFESTUAC:"level='asInvoker' uiAccess='false'" /DEBUG /PDB:"C:\Users\Vernon\Desktop\glfw\trunk\support\msvc100\Debug\GLFW.pdb" /SUBSYSTEM:WINDOWS /TLBID:1 /DYNAMICBASE /NXCOMPAT /IMPLIB:"C:\Users\Vernon\Desktop\glfw\trunk\support\msvc100\Debug\GLFWDLL.lib" /MACHINE:X86 /DLL Debug\GLFW.dll.embed.manifest.res
         Debug\enable.obj
         Debug\fullscreen.obj
         Debug\glext.obj
         Debug\image.obj
         Debug\init.obj
         Debug\input.obj
         Debug\joystick.obj
         Debug\stream.obj
         Debug\tga.obj
         Debug\thread.obj
         Debug\time.obj
         Debug\win32_dllmain.obj
         Debug\win32_enable.obj
         Debug\win32_fullscreen.obj
         Debug\win32_glext.obj
         Debug\win32_init.obj
         Debug\win32_joystick.obj
         Debug\win32_thread.obj
         Debug\win32_time.obj
         Debug\win32_window.obj
         Debug\window.obj
            Creating library C:\Users\Vernon\Desktop\glfw\trunk\support\msvc100\Debug\GLFWDLL.lib and object C:\Users\Vernon\Desktop\glfw\trunk\support\msvc100\Debug\GLFWDLL.exp
       Manifest:
         C:\Program Files\Microsoft SDKs\Windows\v7.0A\bin\mt.exe /nologo /verbose /out:"Debug\GLFW.dll.embed.manifest" /manifest Debug\GLFW.dll.intermediate.manifest
         All outputs are up-to-date.
       LinkEmbedManifest:
         All outputs are up-to-date.
         GLFWDLL.vcxproj -> C:\Users\Vernon\Desktop\glfw\trunk\support\msvc100\Debug\GLFW.dll
       FinalizeBuildStatus:
         Deleting file "Debug\GLFWDLL.unsuccessfulbuild".
         Touching "Debug\GLFWDLL.lastbuildstate".
     1>Done Building Project "C:\Users\Vernon\Desktop\glfw\trunk\support\msvc100\GLFWDLL.vcxproj" (build target(s)).

Build succeeded.

Time Elapsed 00:00:08.27
